<component name="libraryTable">
  <library name="junit.jupiter.migrationsupport" type="repository">
    <properties maven-id="org.junit.jupiter:junit-jupiter-migrationsupport:LATEST" />
    <CLASSES>
      <root url="jar://$PROJECT_DIR$/lib/junit-jupiter-migrationsupport-5.10.0-M1.jar!/" />
      <root url="jar://$PROJECT_DIR$/lib/junit-4.13.2.jar!/" />
      <root url="jar://$PROJECT_DIR$/lib/hamcrest-core-1.3.jar!/" />
      <root url="jar://$PROJECT_DIR$/lib/junit-jupiter-api-5.10.0-M1.jar!/" />
      <root url="jar://$PROJECT_DIR$/lib/opentest4j-1.2.0.jar!/" />
      <root url="jar://$PROJECT_DIR$/lib/junit-platform-commons-1.10.0-M1.jar!/" />
      <root url="jar://$PROJECT_DIR$/lib/apiguardian-api-1.1.2.jar!/" />
    </CLASSES>
    <JAVADOC>
      <root url="jar://$PROJECT_DIR$/lib/junit-jupiter-migrationsupport-5.10.0-M1-javadoc.jar!/" />
      <root url="jar://$PROJECT_DIR$/lib/junit-4.13.2-javadoc.jar!/" />
      <root url="jar://$PROJECT_DIR$/lib/hamcrest-core-1.3-javadoc.jar!/" />
      <root url="jar://$PROJECT_DIR$/lib/junit-jupiter-api-5.10.0-M1-javadoc.jar!/" />
      <root url="jar://$PROJECT_DIR$/lib/opentest4j-1.2.0-javadoc.jar!/" />
      <root url="jar://$PROJECT_DIR$/lib/junit-platform-commons-1.10.0-M1-javadoc.jar!/" />
      <root url="jar://$PROJECT_DIR$/lib/apiguardian-api-1.1.2-javadoc.jar!/" />
    </JAVADOC>
    <SOURCES>
      <root url="jar://$PROJECT_DIR$/lib/junit-jupiter-migrationsupport-5.10.0-M1-sources.jar!/" />
      <root url="jar://$PROJECT_DIR$/lib/junit-4.13.2-sources.jar!/" />
      <root url="jar://$PROJECT_DIR$/lib/hamcrest-core-1.3-sources.jar!/" />
      <root url="jar://$PROJECT_DIR$/lib/junit-jupiter-api-5.10.0-M1-sources.jar!/" />
      <root url="jar://$PROJECT_DIR$/lib/opentest4j-1.2.0-sources.jar!/" />
      <root url="jar://$PROJECT_DIR$/lib/junit-platform-commons-1.10.0-M1-sources.jar!/" />
      <root url="jar://$PROJECT_DIR$/lib/apiguardian-api-1.1.2-sources.jar!/" />
    </SOURCES>
  </library>
</component>